mode: atomic
github.com/user/orchestra/internal/message/message.go:30.49,35.2 1 69
github.com/user/orchestra/internal/message/message.go:38.64,44.2 1 4
github.com/user/orchestra/internal/message/message.go:47.66,53.2 1 2
github.com/user/orchestra/internal/message/message.go:114.50,119.2 1 56
github.com/user/orchestra/internal/message/message.go:122.41,124.2 1 11
github.com/user/orchestra/internal/message/message.go:127.39,129.2 1 25
github.com/user/orchestra/internal/message/message.go:132.44,134.2 1 19
github.com/user/orchestra/internal/message/message.go:137.74,149.2 1 4
github.com/user/orchestra/internal/message/message.go:152.61,157.2 1 4
github.com/user/orchestra/internal/message/message.go:161.32,163.34 2 52
github.com/user/orchestra/internal/message/message.go:163.34,164.27 1 54
github.com/user/orchestra/internal/message/message.go:164.27,166.4 1 49
github.com/user/orchestra/internal/message/message.go:168.2,168.15 1 52
github.com/user/orchestra/internal/message/message.go:172.36,174.2 1 5
github.com/user/orchestra/internal/message/message.go:177.38,179.2 1 3
github.com/user/orchestra/internal/message/message.go:182.34,184.24 2 19
github.com/user/orchestra/internal/message/message.go:184.24,187.36 3 18
github.com/user/orchestra/internal/message/message.go:187.36,188.31 1 19
github.com/user/orchestra/internal/message/message.go:188.31,191.5 2 1
github.com/user/orchestra/internal/message/message.go:194.2,194.26 1 19
github.com/user/orchestra/internal/message/message.go:194.26,197.3 2 1
github.com/user/orchestra/internal/message/message.go:198.2,198.25 1 19
github.com/user/orchestra/internal/message/message.go:198.25,201.3 2 1
github.com/user/orchestra/internal/message/message.go:202.2,202.25 1 19
github.com/user/orchestra/internal/message/message.go:202.25,204.32 2 1
github.com/user/orchestra/internal/message/message.go:204.32,206.4 1 1
github.com/user/orchestra/internal/message/message.go:208.2,208.11 1 19
github.com/user/orchestra/internal/message/message.go:225.38,231.2 1 18
github.com/user/orchestra/internal/message/message.go:234.53,240.2 1 1
github.com/user/orchestra/internal/message/message.go:243.45,245.2 1 21
github.com/user/orchestra/internal/message/message.go:248.48,249.26 1 3
github.com/user/orchestra/internal/message/message.go:249.26,251.3 1 1
github.com/user/orchestra/internal/message/message.go:252.2,252.43 1 2
github.com/user/orchestra/internal/message/message.go:256.34,258.2 1 43
github.com/user/orchestra/internal/message/message.go:261.39,263.2 1 2
github.com/user/orchestra/internal/message/message.go:267.75,272.33 2 6
github.com/user/orchestra/internal/message/message.go:272.33,273.21 1 28
github.com/user/orchestra/internal/message/message.go:273.21,275.4 1 8
github.com/user/orchestra/internal/message/message.go:277.2,277.17 1 6
github.com/user/orchestra/internal/message/message.go:281.62,282.41 1 5
github.com/user/orchestra/internal/message/message.go:282.41,284.3 1 23
github.com/user/orchestra/internal/message/message.go:290.64,291.22 1 5
github.com/user/orchestra/internal/message/message.go:291.22,296.3 1 1
github.com/user/orchestra/internal/message/message.go:297.2,297.36 1 4
github.com/user/orchestra/internal/message/message.go:297.36,299.3 1 2
github.com/user/orchestra/internal/message/message.go:301.2,309.18 4 2
github.com/user/orchestra/internal/message/message.go:315.80,316.22 1 8
github.com/user/orchestra/internal/message/message.go:316.22,321.3 1 1
github.com/user/orchestra/internal/message/message.go:322.2,322.36 1 7
github.com/user/orchestra/internal/message/message.go:322.36,324.3 1 1
github.com/user/orchestra/internal/message/message.go:327.2,329.33 3 6
github.com/user/orchestra/internal/message/message.go:329.33,330.29 1 31
github.com/user/orchestra/internal/message/message.go:330.29,332.4 1 6
github.com/user/orchestra/internal/message/message.go:332.9,334.4 1 25
github.com/user/orchestra/internal/message/message.go:338.2,338.36 1 6
github.com/user/orchestra/internal/message/message.go:338.36,348.3 5 1
github.com/user/orchestra/internal/message/message.go:351.2,352.32 2 5
github.com/user/orchestra/internal/message/message.go:352.32,354.3 1 0
github.com/user/orchestra/internal/message/message.go:357.2,362.19 3 5
github.com/user/orchestra/internal/message/message.go:362.19,364.3 1 5
github.com/user/orchestra/internal/message/message.go:365.2,365.15 1 5
github.com/user/orchestra/internal/message/message.go:369.46,374.33 2 5
github.com/user/orchestra/internal/message/message.go:374.33,376.3 1 17
github.com/user/orchestra/internal/message/message.go:377.2,377.25 1 5
github.com/user/orchestra/internal/message/message.go:377.25,379.32 2 1
github.com/user/orchestra/internal/message/message.go:379.32,381.4 1 1
github.com/user/orchestra/internal/message/message.go:382.8,384.3 1 4
github.com/user/orchestra/internal/message/message.go:385.2,385.11 1 5
github.com/user/orchestra/internal/message/message.go:390.40,392.33 2 3
github.com/user/orchestra/internal/message/message.go:392.33,394.3 1 10
github.com/user/orchestra/internal/message/message.go:395.2,395.15 1 3
github.com/user/orchestra/internal/message/message.go:399.59,400.23 1 4
github.com/user/orchestra/internal/message/message.go:400.23,402.3 1 1
github.com/user/orchestra/internal/message/message.go:403.2,403.25 1 4
github.com/user/orchestra/internal/message/message.go:407.60,410.2 2 3
github.com/user/orchestra/internal/message/message.go:413.26,417.2 3 18
github.com/user/orchestra/internal/message/role.go:26.30,27.11 1 9
github.com/user/orchestra/internal/message/role.go:28.67,29.14 1 5
github.com/user/orchestra/internal/message/role.go:30.10,31.15 1 4
github.com/user/orchestra/internal/message/role.go:36.31,38.2 1 17
github.com/user/orchestra/internal/config/config.go:80.42,81.22 1 23
github.com/user/orchestra/internal/config/config.go:81.22,83.3 1 20
github.com/user/orchestra/internal/config/config.go:84.2,84.19 1 3
github.com/user/orchestra/internal/config/config.go:138.43,139.22 1 21
github.com/user/orchestra/internal/config/config.go:139.22,141.3 1 17
github.com/user/orchestra/internal/config/config.go:142.2,142.19 1 4
github.com/user/orchestra/internal/config/config.go:174.39,175.22 1 23
github.com/user/orchestra/internal/config/config.go:175.22,177.3 1 17
github.com/user/orchestra/internal/config/config.go:178.2,178.19 1 6
github.com/user/orchestra/internal/config/config.go:182.56,183.27 1 2
github.com/user/orchestra/internal/config/config.go:183.27,185.3 1 1
github.com/user/orchestra/internal/config/config.go:186.2,186.25 1 1
github.com/user/orchestra/internal/config/config.go:190.52,191.23 1 2
github.com/user/orchestra/internal/config/config.go:191.23,193.3 1 1
github.com/user/orchestra/internal/config/config.go:194.2,194.21 1 1
github.com/user/orchestra/internal/config/config.go:198.53,199.30 1 2
github.com/user/orchestra/internal/config/config.go:199.30,201.3 1 1
github.com/user/orchestra/internal/config/config.go:202.2,202.28 1 1
github.com/user/orchestra/internal/config/config.go:227.42,228.19 1 28
github.com/user/orchestra/internal/config/config.go:228.19,230.3 1 7
github.com/user/orchestra/internal/config/config.go:231.2,231.16 1 21
github.com/user/orchestra/internal/config/config.go:235.43,236.20 1 21
github.com/user/orchestra/internal/config/config.go:236.20,238.3 1 10
github.com/user/orchestra/internal/config/config.go:239.2,239.17 1 11
github.com/user/orchestra/internal/config/config.go:243.43,244.20 1 5
github.com/user/orchestra/internal/config/config.go:244.20,246.3 1 1
github.com/user/orchestra/internal/config/config.go:247.2,247.17 1 4
github.com/user/orchestra/internal/config/config.go:288.45,289.22 1 1
github.com/user/orchestra/internal/config/config.go:289.22,291.3 1 1
github.com/user/orchestra/internal/config/config.go:292.2,292.19 1 0
github.com/user/orchestra/internal/config/config.go:296.48,297.25 1 1
github.com/user/orchestra/internal/config/config.go:297.25,299.3 1 1
github.com/user/orchestra/internal/config/config.go:300.2,300.22 1 0
github.com/user/orchestra/internal/config/config.go:304.50,305.25 1 6
github.com/user/orchestra/internal/config/config.go:305.25,307.3 1 3
github.com/user/orchestra/internal/config/config.go:308.2,308.26 1 3
github.com/user/orchestra/internal/config/config.go:308.26,310.3 1 1
github.com/user/orchestra/internal/config/config.go:311.2,311.23 1 2
github.com/user/orchestra/internal/config/config.go:315.47,316.24 1 1
github.com/user/orchestra/internal/config/config.go:316.24,318.3 1 1
github.com/user/orchestra/internal/config/config.go:319.2,319.21 1 0
github.com/user/orchestra/internal/config/config.go:348.45,349.22 1 1
github.com/user/orchestra/internal/config/config.go:349.22,351.3 1 1
github.com/user/orchestra/internal/config/config.go:352.2,352.19 1 0
github.com/user/orchestra/internal/config/config.go:356.48,357.25 1 1
github.com/user/orchestra/internal/config/config.go:357.25,359.3 1 1
github.com/user/orchestra/internal/config/config.go:360.2,360.22 1 0
github.com/user/orchestra/internal/config/config.go:364.46,365.23 1 1
github.com/user/orchestra/internal/config/config.go:365.23,367.3 1 1
github.com/user/orchestra/internal/config/config.go:368.2,368.20 1 0
github.com/user/orchestra/internal/config/config.go:372.58,373.27 1 1
github.com/user/orchestra/internal/config/config.go:373.27,375.3 1 1
github.com/user/orchestra/internal/config/config.go:376.2,376.25 1 0
github.com/user/orchestra/internal/config/config.go:380.57,381.26 1 1
github.com/user/orchestra/internal/config/config.go:381.26,383.3 1 1
github.com/user/orchestra/internal/config/config.go:384.2,384.24 1 0
github.com/user/orchestra/internal/config/config.go:417.35,418.24 1 12
github.com/user/orchestra/internal/config/config.go:418.24,419.37 1 12
github.com/user/orchestra/internal/config/config.go:419.37,420.40 1 12
github.com/user/orchestra/internal/config/config.go:420.40,422.5 1 1
github.com/user/orchestra/internal/config/config.go:426.2,426.45 1 11
github.com/user/orchestra/internal/config/config.go:426.45,428.3 1 2
github.com/user/orchestra/internal/config/config.go:430.2,430.37 1 9
github.com/user/orchestra/internal/config/config.go:430.37,431.60 1 4
github.com/user/orchestra/internal/config/config.go:431.60,433.4 1 1
github.com/user/orchestra/internal/config/config.go:436.2,436.12 1 8
github.com/user/orchestra/internal/config/config.go:440.42,441.56 1 19
github.com/user/orchestra/internal/config/config.go:441.57,444.3 0 8
github.com/user/orchestra/internal/config/config.go:446.2,446.25 1 19
github.com/user/orchestra/internal/config/config.go:446.25,447.30 1 6
github.com/user/orchestra/internal/config/config.go:447.30,449.4 1 2
github.com/user/orchestra/internal/config/config.go:450.3,450.36 1 4
github.com/user/orchestra/internal/config/config.go:450.36,452.4 1 1
github.com/user/orchestra/internal/config/config.go:455.2,455.29 1 16
github.com/user/orchestra/internal/config/config.go:455.29,456.40 1 6
github.com/user/orchestra/internal/config/config.go:456.40,458.4 1 1
github.com/user/orchestra/internal/config/config.go:459.3,459.38 1 5
github.com/user/orchestra/internal/config/config.go:459.38,461.4 1 1
github.com/user/orchestra/internal/config/config.go:464.2,464.12 1 14
github.com/user/orchestra/internal/config/config.go:468.41,469.22 1 20
github.com/user/orchestra/internal/config/config.go:470.44,470.44 0 17
github.com/user/orchestra/internal/config/config.go:472.10,473.96 1 3
github.com/user/orchestra/internal/config/config.go:476.2,476.23 1 17
github.com/user/orchestra/internal/config/config.go:477.26,477.26 0 16
github.com/user/orchestra/internal/config/config.go:479.10,480.84 1 1
github.com/user/orchestra/internal/config/config.go:483.2,483.12 1 16
github.com/user/orchestra/internal/config/config.go:487.41,488.48 1 8
github.com/user/orchestra/internal/config/config.go:488.48,490.3 1 3
github.com/user/orchestra/internal/config/config.go:491.2,491.12 1 5
github.com/user/orchestra/internal/config/config.go:495.30,523.2 1 14
github.com/user/orchestra/internal/config/loader.go:28.49,30.16 2 9
github.com/user/orchestra/internal/config/loader.go:30.16,32.3 1 1
github.com/user/orchestra/internal/config/loader.go:35.2,38.63 3 8
github.com/user/orchestra/internal/config/loader.go:38.63,40.3 1 1
github.com/user/orchestra/internal/config/loader.go:43.2,45.39 2 7
github.com/user/orchestra/internal/config/loader.go:45.39,47.3 1 1
github.com/user/orchestra/internal/config/loader.go:49.2,49.18 1 6
github.com/user/orchestra/internal/config/loader.go:75.28,79.59 2 3
github.com/user/orchestra/internal/config/loader.go:79.59,81.3 1 1
github.com/user/orchestra/internal/config/loader.go:82.2,82.56 1 3
github.com/user/orchestra/internal/config/loader.go:82.56,84.3 1 1
github.com/user/orchestra/internal/config/loader.go:85.2,85.58 1 3
github.com/user/orchestra/internal/config/loader.go:85.58,86.44 1 1
github.com/user/orchestra/internal/config/loader.go:86.44,88.4 1 1
github.com/user/orchestra/internal/config/loader.go:90.2,90.58 1 3
github.com/user/orchestra/internal/config/loader.go:90.58,91.50 1 1
github.com/user/orchestra/internal/config/loader.go:91.50,93.4 1 1
github.com/user/orchestra/internal/config/loader.go:97.2,97.56 1 3
github.com/user/orchestra/internal/config/loader.go:97.56,99.3 1 1
github.com/user/orchestra/internal/config/loader.go:100.2,100.57 1 3
github.com/user/orchestra/internal/config/loader.go:100.57,102.3 1 1
github.com/user/orchestra/internal/config/loader.go:103.2,103.57 1 3
github.com/user/orchestra/internal/config/loader.go:103.57,105.3 1 1
github.com/user/orchestra/internal/config/loader.go:108.2,108.58 1 3
github.com/user/orchestra/internal/config/loader.go:108.58,110.3 1 1
github.com/user/orchestra/internal/config/loader.go:111.2,111.59 1 3
github.com/user/orchestra/internal/config/loader.go:111.59,113.3 1 1
github.com/user/orchestra/internal/config/loader.go:116.2,116.58 1 3
github.com/user/orchestra/internal/config/loader.go:116.58,118.3 1 1
github.com/user/orchestra/internal/config/loader.go:119.2,119.59 1 3
github.com/user/orchestra/internal/config/loader.go:119.59,121.3 1 1
github.com/user/orchestra/internal/config/loader.go:124.2,126.12 2 3
github.com/user/orchestra/internal/config/loader.go:132.50,133.49 1 2
github.com/user/orchestra/internal/config/loader.go:133.49,135.3 1 1
github.com/user/orchestra/internal/config/loader.go:136.2,136.27 1 1
github.com/user/orchestra/internal/config/loader.go:142.40,145.30 2 5
github.com/user/orchestra/internal/config/loader.go:145.30,146.17 1 8
github.com/user/orchestra/internal/config/loader.go:146.17,147.12 1 2
github.com/user/orchestra/internal/config/loader.go:151.3,151.27 1 6
github.com/user/orchestra/internal/config/loader.go:151.27,152.31 1 2
github.com/user/orchestra/internal/config/loader.go:152.31,154.5 1 0
github.com/user/orchestra/internal/config/loader.go:155.4,155.40 1 2
github.com/user/orchestra/internal/config/loader.go:155.40,157.11 2 3
github.com/user/orchestra/internal/config/loader.go:157.11,159.6 1 1
github.com/user/orchestra/internal/config/loader.go:159.11,161.6 1 2
github.com/user/orchestra/internal/config/loader.go:166.3,166.32 1 6
github.com/user/orchestra/internal/config/loader.go:166.32,168.4 1 3
github.com/user/orchestra/internal/config/loader.go:169.3,169.29 1 6
github.com/user/orchestra/internal/config/loader.go:169.29,171.4 1 2
github.com/user/orchestra/internal/config/loader.go:172.3,172.30 1 6
github.com/user/orchestra/internal/config/loader.go:172.30,174.4 1 0
github.com/user/orchestra/internal/config/loader.go:175.3,175.30 1 6
github.com/user/orchestra/internal/config/loader.go:175.30,177.4 1 0
github.com/user/orchestra/internal/config/loader.go:180.3,186.85 3 6
github.com/user/orchestra/internal/config/loader.go:189.2,189.15 1 5
github.com/user/orchestra/internal/config/loader.go:196.46,197.77 1 16
github.com/user/orchestra/internal/config/loader.go:197.77,204.18 4 15
github.com/user/orchestra/internal/config/loader.go:204.18,206.4 1 8
github.com/user/orchestra/internal/config/loader.go:207.3,207.15 1 7
github.com/user/orchestra/internal/config/loader.go:213.68,216.13 3 19
github.com/user/orchestra/internal/config/loader.go:216.13,218.3 1 10
github.com/user/orchestra/internal/config/loader.go:219.2,219.40 1 9
github.com/user/orchestra/internal/config/loader.go:224.37,225.26 1 10
github.com/user/orchestra/internal/config/loader.go:225.26,227.3 1 2
github.com/user/orchestra/internal/config/loader.go:231.2,232.33 2 10
github.com/user/orchestra/internal/config/loader.go:232.33,233.56 1 695
github.com/user/orchestra/internal/config/loader.go:233.56,234.12 1 684
github.com/user/orchestra/internal/config/loader.go:237.3,240.22 4 11
github.com/user/orchestra/internal/config/loader.go:240.22,242.4 1 11
github.com/user/orchestra/internal/config/loader.go:245.3,247.40 3 11
github.com/user/orchestra/internal/config/loader.go:247.40,248.12 1 0
github.com/user/orchestra/internal/config/loader.go:251.3,254.10 3 11
github.com/user/orchestra/internal/config/loader.go:254.10,256.4 1 4
github.com/user/orchestra/internal/config/loader.go:258.3,258.16 1 11
github.com/user/orchestra/internal/config/loader.go:259.18,260.21 1 3
github.com/user/orchestra/internal/config/loader.go:261.19,262.22 1 2
github.com/user/orchestra/internal/config/loader.go:263.24,264.27 1 1
github.com/user/orchestra/internal/config/loader.go:265.26,266.29 1 0
github.com/user/orchestra/internal/config/loader.go:267.18,269.19 2 1
github.com/user/orchestra/internal/config/loader.go:270.25,271.49 1 1
github.com/user/orchestra/internal/config/loader.go:271.49,273.5 1 1
github.com/user/orchestra/internal/config/loader.go:274.25,275.49 1 1
github.com/user/orchestra/internal/config/loader.go:275.49,277.5 1 1
github.com/user/orchestra/internal/config/loader.go:278.29,279.49 1 1
github.com/user/orchestra/internal/config/loader.go:279.49,281.5 1 1
github.com/user/orchestra/internal/config/loader.go:282.32,283.55 1 1
github.com/user/orchestra/internal/config/loader.go:283.55,285.5 1 1
github.com/user/orchestra/internal/config/loader.go:288.3,288.35 1 11
github.com/user/orchestra/internal/config/loader.go:294.63,307.32 2 21
github.com/user/orchestra/internal/config/loader.go:307.32,308.34 1 96
github.com/user/orchestra/internal/config/loader.go:308.34,312.4 3 20
github.com/user/orchestra/internal/config/loader.go:314.2,314.14 1 1
github.com/user/orchestra/internal/config/loader.go:318.31,319.47 1 17
github.com/user/orchestra/internal/config/loader.go:320.43,321.14 1 10
github.com/user/orchestra/internal/config/loader.go:322.10,323.15 1 7
github.com/user/orchestra/internal/config/loader.go:329.72,332.27 2 1
github.com/user/orchestra/internal/config/loader.go:332.27,334.3 1 1
github.com/user/orchestra/internal/config/loader.go:335.2,335.28 1 1
github.com/user/orchestra/internal/config/loader.go:335.28,337.3 1 0
github.com/user/orchestra/internal/config/loader.go:338.2,338.33 1 1
github.com/user/orchestra/internal/config/loader.go:338.33,340.3 1 0
github.com/user/orchestra/internal/config/loader.go:341.2,341.35 1 1
github.com/user/orchestra/internal/config/loader.go:341.35,343.3 1 0
github.com/user/orchestra/internal/config/loader.go:344.2,344.29 1 1
github.com/user/orchestra/internal/config/loader.go:344.29,346.3 1 0
github.com/user/orchestra/internal/config/loader.go:349.2,349.47 1 1
github.com/user/orchestra/internal/config/loader.go:349.47,351.3 1 0
github.com/user/orchestra/internal/config/loader.go:352.2,352.45 1 1
github.com/user/orchestra/internal/config/loader.go:352.45,354.3 1 0
github.com/user/orchestra/internal/config/loader.go:355.2,355.39 1 1
github.com/user/orchestra/internal/config/loader.go:355.39,357.3 1 0
github.com/user/orchestra/internal/config/loader.go:358.2,358.39 1 1
github.com/user/orchestra/internal/config/loader.go:358.39,360.3 1 0
github.com/user/orchestra/internal/config/loader.go:363.2,363.37 1 1
github.com/user/orchestra/internal/config/loader.go:363.37,365.3 1 0
github.com/user/orchestra/internal/config/loader.go:366.2,366.40 1 1
github.com/user/orchestra/internal/config/loader.go:366.40,368.3 1 0
github.com/user/orchestra/internal/config/loader.go:369.2,369.36 1 1
github.com/user/orchestra/internal/config/loader.go:369.36,371.3 1 0
github.com/user/orchestra/internal/config/loader.go:372.2,372.43 1 1
github.com/user/orchestra/internal/config/loader.go:372.43,374.3 1 0
github.com/user/orchestra/internal/config/loader.go:375.2,375.35 1 1
github.com/user/orchestra/internal/config/loader.go:375.35,377.3 1 0
github.com/user/orchestra/internal/config/loader.go:380.2,380.28 1 1
github.com/user/orchestra/internal/config/loader.go:380.28,381.27 1 0
github.com/user/orchestra/internal/config/loader.go:381.27,383.4 1 0
github.com/user/orchestra/internal/config/loader.go:384.3,384.37 1 0
github.com/user/orchestra/internal/config/loader.go:384.37,386.4 1 0
github.com/user/orchestra/internal/config/loader.go:390.2,390.27 1 1
github.com/user/orchestra/internal/config/loader.go:390.27,391.26 1 0
github.com/user/orchestra/internal/config/loader.go:391.26,393.4 1 0
github.com/user/orchestra/internal/config/loader.go:394.3,394.36 1 0
github.com/user/orchestra/internal/config/loader.go:394.36,396.4 1 0
github.com/user/orchestra/internal/config/loader.go:399.2,399.15 1 1
github.com/user/orchestra/internal/config/loader.go:403.69,405.26 2 6
github.com/user/orchestra/internal/config/loader.go:405.26,407.3 1 3
github.com/user/orchestra/internal/config/loader.go:408.2,408.27 1 6
github.com/user/orchestra/internal/config/loader.go:408.27,410.3 1 1
github.com/user/orchestra/internal/config/loader.go:411.2,411.27 1 6
github.com/user/orchestra/internal/config/loader.go:411.27,413.3 1 0
github.com/user/orchestra/internal/config/loader.go:414.2,414.24 1 6
github.com/user/orchestra/internal/config/loader.go:414.24,416.3 1 0
github.com/user/orchestra/internal/config/loader.go:417.2,417.31 1 6
github.com/user/orchestra/internal/config/loader.go:417.31,419.3 1 0
github.com/user/orchestra/internal/config/loader.go:420.2,420.15 1 6
github.com/user/orchestra/internal/config/loader.go:424.87,428.37 2 6
github.com/user/orchestra/internal/config/loader.go:428.37,430.3 1 2
github.com/user/orchestra/internal/config/loader.go:431.2,431.40 1 6
github.com/user/orchestra/internal/config/loader.go:431.40,433.3 1 1
github.com/user/orchestra/internal/config/loader.go:434.2,434.40 1 6
github.com/user/orchestra/internal/config/loader.go:434.40,436.3 1 2
github.com/user/orchestra/internal/config/loader.go:437.2,437.39 1 6
github.com/user/orchestra/internal/config/loader.go:437.39,439.3 1 0
github.com/user/orchestra/internal/config/loader.go:440.2,440.31 1 6
github.com/user/orchestra/internal/config/loader.go:440.31,442.3 1 0
github.com/user/orchestra/internal/config/loader.go:444.2,444.30 1 6
github.com/user/orchestra/internal/config/loader.go:444.30,446.3 1 1
github.com/user/orchestra/internal/config/loader.go:447.2,447.37 1 6
github.com/user/orchestra/internal/config/loader.go:447.37,449.3 1 0
github.com/user/orchestra/internal/config/loader.go:452.2,452.37 1 6
github.com/user/orchestra/internal/config/loader.go:452.37,454.3 1 1
github.com/user/orchestra/internal/config/loader.go:455.2,455.40 1 6
github.com/user/orchestra/internal/config/loader.go:455.40,457.3 1 0
github.com/user/orchestra/internal/config/loader.go:458.2,458.38 1 6
github.com/user/orchestra/internal/config/loader.go:458.38,460.3 1 0
github.com/user/orchestra/internal/config/loader.go:461.2,461.42 1 6
github.com/user/orchestra/internal/config/loader.go:461.42,463.3 1 0
github.com/user/orchestra/internal/config/loader.go:464.2,464.41 1 6
github.com/user/orchestra/internal/config/loader.go:464.41,466.3 1 0
github.com/user/orchestra/internal/config/loader.go:467.2,467.30 1 6
github.com/user/orchestra/internal/config/loader.go:467.30,469.3 1 1
github.com/user/orchestra/internal/config/loader.go:471.2,471.15 1 6
github.com/user/orchestra/internal/config/loader.go:475.69,478.28 2 6
github.com/user/orchestra/internal/config/loader.go:478.28,480.3 1 0
github.com/user/orchestra/internal/config/loader.go:481.2,481.33 1 6
github.com/user/orchestra/internal/config/loader.go:481.33,483.3 1 0
github.com/user/orchestra/internal/config/loader.go:484.2,484.26 1 6
github.com/user/orchestra/internal/config/loader.go:484.26,486.3 1 0
github.com/user/orchestra/internal/config/loader.go:487.2,487.31 1 6
github.com/user/orchestra/internal/config/loader.go:487.31,489.3 1 0
github.com/user/orchestra/internal/config/loader.go:490.2,490.33 1 6
github.com/user/orchestra/internal/config/loader.go:490.33,492.3 1 0
github.com/user/orchestra/internal/config/loader.go:493.2,493.27 1 6
github.com/user/orchestra/internal/config/loader.go:493.27,495.3 1 0
github.com/user/orchestra/internal/config/loader.go:496.2,496.29 1 6
github.com/user/orchestra/internal/config/loader.go:496.29,498.3 1 0
github.com/user/orchestra/internal/config/loader.go:499.2,499.27 1 6
github.com/user/orchestra/internal/config/loader.go:499.27,500.26 1 0
github.com/user/orchestra/internal/config/loader.go:500.26,502.4 1 0
github.com/user/orchestra/internal/config/loader.go:503.3,503.36 1 0
github.com/user/orchestra/internal/config/loader.go:503.36,505.4 1 0
github.com/user/orchestra/internal/config/loader.go:508.2,508.15 1 6
github.com/user/orchestra/internal/provider/provider.go:42.39,44.2 1 0
github.com/user/orchestra/internal/provider/provider.go:48.41,49.11 1 0
github.com/user/orchestra/internal/provider/provider.go:50.90,51.14 1 0
github.com/user/orchestra/internal/provider/provider.go:52.10,53.15 1 0
github.com/user/orchestra/internal/provider/provider.go:70.54,76.2 1 0
github.com/user/orchestra/internal/provider/provider.go:140.43,142.2 1 0
github.com/user/orchestra/internal/provider/provider.go:145.43,147.2 1 0
github.com/user/orchestra/internal/provider/provider.go:151.70,156.2 1 0
github.com/user/orchestra/internal/provider/provider.go:274.87,283.2 1 0
github.com/user/orchestra/internal/provider/provider.go:311.44,313.2 1 0
github.com/user/orchestra/internal/provider/provider.go:316.40,318.2 1 0
github.com/user/orchestra/internal/provider/provider.go:420.40,421.18 1 0
github.com/user/orchestra/internal/provider/provider.go:421.18,423.3 1 0
github.com/user/orchestra/internal/provider/provider.go:424.2,424.77 1 0
github.com/user/orchestra/internal/provider/provider.go:428.40,430.2 1 0
github.com/user/orchestra/internal/provider/provider.go:437.73,443.2 1 0
github.com/user/orchestra/internal/provider/provider.go:446.103,454.2 1 0
github.com/user/orchestra/internal/provider/registry.go:25.30,32.2 1 45
github.com/user/orchestra/internal/provider/registry.go:41.96,47.44 4 80
github.com/user/orchestra/internal/provider/registry.go:47.44,49.3 1 3
github.com/user/orchestra/internal/provider/registry.go:51.2,54.12 3 77
github.com/user/orchestra/internal/provider/registry.go:60.94,61.58 1 4
github.com/user/orchestra/internal/provider/registry.go:61.58,62.13 1 1
github.com/user/orchestra/internal/provider/registry.go:73.68,79.44 4 9
github.com/user/orchestra/internal/provider/registry.go:79.44,81.3 1 2
github.com/user/orchestra/internal/provider/registry.go:82.2,82.44 1 7
github.com/user/orchestra/internal/provider/registry.go:82.44,84.3 1 1
github.com/user/orchestra/internal/provider/registry.go:86.2,88.12 2 6
github.com/user/orchestra/internal/provider/registry.go:92.66,93.52 1 2
github.com/user/orchestra/internal/provider/registry.go:93.52,94.13 1 1
github.com/user/orchestra/internal/provider/registry.go:104.55,110.12 4 144
github.com/user/orchestra/internal/provider/registry.go:110.12,113.3 2 76
github.com/user/orchestra/internal/provider/registry.go:114.2,121.43 4 68
github.com/user/orchestra/internal/provider/registry.go:121.43,123.3 1 0
github.com/user/orchestra/internal/provider/registry.go:125.2,126.13 2 68
github.com/user/orchestra/internal/provider/registry.go:126.13,128.3 1 1
github.com/user/orchestra/internal/provider/registry.go:130.2,131.13 2 67
github.com/user/orchestra/internal/provider/registry.go:131.13,133.3 1 0
github.com/user/orchestra/internal/provider/registry.go:135.2,136.16 2 67
github.com/user/orchestra/internal/provider/registry.go:136.16,138.3 1 1
github.com/user/orchestra/internal/provider/registry.go:140.2,142.15 2 66
github.com/user/orchestra/internal/provider/registry.go:154.60,160.47 4 17
github.com/user/orchestra/internal/provider/registry.go:160.47,162.3 1 2
github.com/user/orchestra/internal/provider/registry.go:164.2,166.12 2 15
github.com/user/orchestra/internal/provider/registry.go:170.58,171.53 1 3
github.com/user/orchestra/internal/provider/registry.go:171.53,172.13 1 1
github.com/user/orchestra/internal/provider/registry.go:178.57,183.2 3 27
github.com/user/orchestra/internal/provider/registry.go:193.71,198.20 4 67
github.com/user/orchestra/internal/provider/registry.go:198.20,200.3 1 2
github.com/user/orchestra/internal/provider/registry.go:203.2,203.60 1 65
github.com/user/orchestra/internal/provider/registry.go:203.60,205.3 1 32
github.com/user/orchestra/internal/provider/registry.go:208.2,208.67 1 65
github.com/user/orchestra/internal/provider/registry.go:208.67,210.54 1 61
github.com/user/orchestra/internal/provider/registry.go:210.54,211.55 1 1
github.com/user/orchestra/internal/provider/registry.go:211.55,213.5 1 1
github.com/user/orchestra/internal/provider/registry.go:217.3,220.17 4 60
github.com/user/orchestra/internal/provider/registry.go:220.17,222.4 1 0
github.com/user/orchestra/internal/provider/registry.go:223.3,223.25 1 60
github.com/user/orchestra/internal/provider/registry.go:227.2,227.38 1 4
github.com/user/orchestra/internal/provider/registry.go:227.38,228.38 1 5
github.com/user/orchestra/internal/provider/registry.go:228.38,232.18 4 3
github.com/user/orchestra/internal/provider/registry.go:232.18,234.5 1 0
github.com/user/orchestra/internal/provider/registry.go:235.4,235.27 1 3
github.com/user/orchestra/internal/provider/registry.go:240.2,240.35 1 1
github.com/user/orchestra/internal/provider/registry.go:240.35,243.17 2 0
github.com/user/orchestra/internal/provider/registry.go:243.17,244.12 1 0
github.com/user/orchestra/internal/provider/registry.go:246.3,246.28 1 0
github.com/user/orchestra/internal/provider/registry.go:246.28,247.24 1 0
github.com/user/orchestra/internal/provider/registry.go:247.24,249.5 1 0
github.com/user/orchestra/internal/provider/registry.go:251.3,251.11 1 0
github.com/user/orchestra/internal/provider/registry.go:254.2,254.112 1 1
github.com/user/orchestra/internal/provider/registry.go:259.45,266.32 5 6
github.com/user/orchestra/internal/provider/registry.go:266.32,267.18 1 5
github.com/user/orchestra/internal/provider/registry.go:267.18,270.4 2 5
github.com/user/orchestra/internal/provider/registry.go:272.2,272.32 1 6
github.com/user/orchestra/internal/provider/registry.go:272.32,273.18 1 2
github.com/user/orchestra/internal/provider/registry.go:273.18,276.4 2 1
github.com/user/orchestra/internal/provider/registry.go:279.2,279.14 1 6
github.com/user/orchestra/internal/provider/registry.go:283.52,288.30 4 10
github.com/user/orchestra/internal/provider/registry.go:288.30,290.3 1 10
github.com/user/orchestra/internal/provider/registry.go:291.2,291.15 1 10
github.com/user/orchestra/internal/provider/registry.go:295.51,305.2 6 9
github.com/user/orchestra/internal/provider/registry.go:309.28,317.2 6 1
github.com/user/orchestra/internal/provider/registry.go:322.60,324.21 2 73
github.com/user/orchestra/internal/provider/registry.go:324.21,326.3 1 5
github.com/user/orchestra/internal/provider/registry.go:327.2,329.55 3 68
github.com/user/orchestra/internal/provider/registry.go:333.40,335.2 1 356
github.com/user/orchestra/internal/provider/registry.go:344.82,346.2 1 1
github.com/user/orchestra/internal/provider/registry.go:350.80,352.2 1 1
github.com/user/orchestra/internal/provider/registry.go:355.41,357.2 1 1
github.com/user/orchestra/internal/provider/registry.go:360.57,362.2 1 1
github.com/user/orchestra/internal/provider/registry.go:365.46,367.2 1 0
github.com/user/orchestra/internal/provider/registry.go:370.44,372.2 1 1
github.com/user/orchestra/internal/provider/mock/provider.go:107.41,161.2 1 34
github.com/user/orchestra/internal/provider/mock/provider.go:164.34,166.2 1 4
github.com/user/orchestra/internal/provider/mock/provider.go:169.76,174.29 4 4
github.com/user/orchestra/internal/provider/mock/provider.go:174.29,180.3 1 8
github.com/user/orchestra/internal/provider/mock/provider.go:181.2,181.20 1 4
github.com/user/orchestra/internal/provider/mock/provider.go:186.114,194.26 5 69
github.com/user/orchestra/internal/provider/mock/provider.go:194.26,197.3 2 6
github.com/user/orchestra/internal/provider/mock/provider.go:197.8,199.3 1 63
github.com/user/orchestra/internal/provider/mock/provider.go:201.2,204.20 2 69
github.com/user/orchestra/internal/provider/mock/provider.go:204.20,205.10 1 1
github.com/user/orchestra/internal/provider/mock/provider.go:206.33,206.33 0 0
github.com/user/orchestra/internal/provider/mock/provider.go:207.21,208.25 1 1
github.com/user/orchestra/internal/provider/mock/provider.go:212.2,212.23 1 68
github.com/user/orchestra/internal/provider/mock/provider.go:212.23,214.3 1 1
github.com/user/orchestra/internal/provider/mock/provider.go:217.2,217.34 1 67
github.com/user/orchestra/internal/provider/mock/provider.go:217.34,219.3 1 0
github.com/user/orchestra/internal/provider/mock/provider.go:221.2,222.17 2 67
github.com/user/orchestra/internal/provider/mock/provider.go:222.17,224.3 1 1
github.com/user/orchestra/internal/provider/mock/provider.go:226.2,233.8 1 67
github.com/user/orchestra/internal/provider/mock/provider.go:238.115,246.29 5 33
github.com/user/orchestra/internal/provider/mock/provider.go:246.29,249.3 2 4
github.com/user/orchestra/internal/provider/mock/provider.go:249.8,251.3 1 29
github.com/user/orchestra/internal/provider/mock/provider.go:253.2,259.12 4 33
github.com/user/orchestra/internal/provider/mock/provider.go:259.12,262.32 2 33
github.com/user/orchestra/internal/provider/mock/provider.go:262.32,263.17 1 157
github.com/user/orchestra/internal/provider/mock/provider.go:263.17,264.12 1 7
github.com/user/orchestra/internal/provider/mock/provider.go:265.30,265.30 0 6
github.com/user/orchestra/internal/provider/mock/provider.go:266.23,271.12 2 1
github.com/user/orchestra/internal/provider/mock/provider.go:275.4,283.11 2 156
github.com/user/orchestra/internal/provider/mock/provider.go:284.19,284.19 0 156
github.com/user/orchestra/internal/provider/mock/provider.go:285.22,290.11 2 0
github.com/user/orchestra/internal/provider/mock/provider.go:294.4,294.47 1 156
github.com/user/orchestra/internal/provider/mock/provider.go:294.47,296.5 1 1
github.com/user/orchestra/internal/provider/mock/provider.go:300.2,300.16 1 33
github.com/user/orchestra/internal/provider/mock/provider.go:304.74,308.29 3 3
github.com/user/orchestra/internal/provider/mock/provider.go:308.29,309.20 1 5
github.com/user/orchestra/internal/provider/mock/provider.go:309.20,311.4 1 2
github.com/user/orchestra/internal/provider/mock/provider.go:315.2,324.3 1 1
github.com/user/orchestra/internal/provider/mock/provider.go:330.58,334.2 3 2
github.com/user/orchestra/internal/provider/mock/provider.go:337.65,341.2 3 0
github.com/user/orchestra/internal/provider/mock/provider.go:344.52,348.2 3 2
github.com/user/orchestra/internal/provider/mock/provider.go:352.51,356.2 3 7
github.com/user/orchestra/internal/provider/mock/provider.go:360.58,364.2 3 4
github.com/user/orchestra/internal/provider/mock/provider.go:367.52,371.2 3 1
github.com/user/orchestra/internal/provider/mock/provider.go:374.48,378.2 3 1
github.com/user/orchestra/internal/provider/mock/provider.go:383.63,390.2 5 2
github.com/user/orchestra/internal/provider/mock/provider.go:393.61,400.2 5 2
github.com/user/orchestra/internal/provider/mock/provider.go:403.38,405.2 1 6
github.com/user/orchestra/internal/provider/mock/provider.go:408.28,417.2 7 2
github.com/user/orchestra/internal/provider/mock/provider.go:420.73,424.31 3 3
github.com/user/orchestra/internal/provider/mock/provider.go:424.31,426.3 1 1
github.com/user/orchestra/internal/provider/mock/provider.go:427.2,427.53 1 2
github.com/user/orchestra/internal/provider/mock/provider.go:431.71,435.29 3 2
github.com/user/orchestra/internal/provider/mock/provider.go:435.29,437.3 1 1
github.com/user/orchestra/internal/provider/mock/provider.go:438.2,438.49 1 1
github.com/user/orchestra/internal/provider/mock/provider.go:442.44,446.2 3 4
github.com/user/orchestra/internal/provider/mock/provider.go:449.42,453.2 3 4
github.com/user/orchestra/pkg/orchestra/orchestra.go:93.50,95.2 1 0
github.com/user/orchestra/pkg/orchestra/orchestra.go:98.41,100.2 1 0
github.com/user/orchestra/pkg/orchestra/orchestra.go:103.39,105.2 1 0
github.com/user/orchestra/pkg/orchestra/orchestra.go:108.44,110.2 1 0
github.com/user/orchestra/pkg/orchestra/orchestra.go:113.74,115.2 1 0
github.com/user/orchestra/pkg/orchestra/orchestra.go:118.61,120.2 1 0
github.com/user/orchestra/pkg/orchestra/orchestra.go:125.49,127.2 1 0
github.com/user/orchestra/pkg/orchestra/orchestra.go:130.64,132.2 1 0
github.com/user/orchestra/pkg/orchestra/orchestra.go:135.66,137.2 1 0
github.com/user/orchestra/pkg/orchestra/orchestra.go:142.38,144.2 1 0
github.com/user/orchestra/pkg/orchestra/orchestra.go:147.53,149.2 1 0
github.com/user/orchestra/pkg/orchestra/orchestra.go:246.43,248.2 1 0
github.com/user/orchestra/pkg/orchestra/orchestra.go:251.43,253.2 1 0
github.com/user/orchestra/pkg/orchestra/orchestra.go:256.70,258.2 1 0
github.com/user/orchestra/pkg/orchestra/orchestra.go:263.87,265.2 1 0
github.com/user/orchestra/pkg/orchestra/orchestra.go:270.77,272.2 1 0
github.com/user/orchestra/pkg/orchestra/orchestra.go:282.30,284.2 1 0
github.com/user/orchestra/pkg/orchestra/orchestra.go:289.90,291.2 1 0
github.com/user/orchestra/pkg/orchestra/orchestra.go:294.88,296.2 1 0
github.com/user/orchestra/pkg/orchestra/orchestra.go:299.49,301.2 1 0
github.com/user/orchestra/pkg/orchestra/orchestra.go:305.62,307.2 1 0
github.com/user/orchestra/pkg/orchestra/orchestra.go:310.54,312.2 1 0
github.com/user/orchestra/pkg/orchestra/orchestra.go:315.52,317.2 1 0
github.com/user/orchestra/pkg/orchestra/orchestra.go:339.49,341.2 1 0
github.com/user/orchestra/pkg/orchestra/orchestra.go:374.47,376.2 1 0
github.com/user/orchestra/pkg/orchestra/orchestra.go:380.34,382.2 1 0
github.com/user/orchestra/pkg/orchestra/orchestra.go:386.56,388.2 1 0
github.com/user/orchestra/pkg/orchestra/orchestra.go:391.30,393.2 1 0
github.com/user/orchestra/pkg/orchestra/orchestra.go:396.46,398.2 1 0
github.com/user/orchestra/cmd/orchestra/main.go:31.13,32.41 1 0
github.com/user/orchestra/cmd/orchestra/main.go:32.41,35.3 2 0
github.com/user/orchestra/cmd/orchestra/main.go:38.31,39.20 1 0
github.com/user/orchestra/cmd/orchestra/main.go:39.20,42.3 2 0
github.com/user/orchestra/cmd/orchestra/main.go:44.2,47.17 3 0
github.com/user/orchestra/cmd/orchestra/main.go:48.36,50.13 2 0
github.com/user/orchestra/cmd/orchestra/main.go:51.30,53.13 2 0
github.com/user/orchestra/cmd/orchestra/main.go:54.21,55.26 1 0
github.com/user/orchestra/cmd/orchestra/main.go:56.15,57.24 1 0
github.com/user/orchestra/cmd/orchestra/main.go:58.10,59.83 1 0
github.com/user/orchestra/cmd/orchestra/main.go:63.19,81.2 1 0
github.com/user/orchestra/cmd/orchestra/main.go:83.21,88.2 4 0
github.com/user/orchestra/cmd/orchestra/main.go:90.29,93.2 2 0
github.com/user/orchestra/cmd/orchestra/main.go:95.36,98.33 2 0
github.com/user/orchestra/cmd/orchestra/main.go:98.33,99.18 1 0
github.com/user/orchestra/cmd/orchestra/main.go:100.25,101.24 1 0
github.com/user/orchestra/cmd/orchestra/main.go:101.24,103.5 1 0
github.com/user/orchestra/cmd/orchestra/main.go:104.4,105.24 2 0
github.com/user/orchestra/cmd/orchestra/main.go:106.23,114.14 2 0
github.com/user/orchestra/cmd/orchestra/main.go:115.11,116.49 1 0
github.com/user/orchestra/cmd/orchestra/main.go:120.2,120.22 1 0
github.com/user/orchestra/cmd/orchestra/main.go:120.22,122.3 1 0
github.com/user/orchestra/cmd/orchestra/main.go:124.2,127.12 4 0
github.com/user/orchestra/cmd/orchestra/main.go:131.25,133.2 1 0
